<?xml version="1.0" encoding="UTF-8" ?>
<testsuite tests="3" failures="2" name="cucumber.Options.TestRunner" time="12.325" errors="0" skipped="0">
  <properties>
[...]
</properties>
  <testcase classname="PLACE API" name=": To verfy whether the place has been added successfully added using ADD PLACE API #1" time="6.362">
    <failure message="expected:&lt;[WC HOUSE]&gt; but was:&lt;[YK ROAD]&gt;" type="org.junit.ComparisonFailure">org.junit.ComparisonFailure: expected:&lt;[WC HOUSE]&gt; but was:&lt;[YK ROAD]&gt;
	at org.junit.Assert.assertEquals(Assert.java:115)
	at org.junit.Assert.assertEquals(Assert.java:144)
	at stepDefination.StepDefination.verfiy_place_id_created_maps_to_using(StepDefination.java:76)
	at ✽.Verfiy place id created maps to &quot;WC HOUSE&quot; using &quot;GetPlaceAPI&quot;(file:///C:/Users/yfory/eclipse-workspace/PlaceAPI/src/test/java/features/AddPlace.feature:11)
</failure>
    <system-out>/maps/api/place/add/json
/maps/api/place/get/json
</system-out>
  </testcase>
  <testcase classname="PLACE API" name=": To verfy whether the place has been added successfully added using ADD PLACE API #2" time="2.746">
    <failure message="expected:&lt;[BC HOUSE]&gt; but was:&lt;[YK ROAD]&gt;" type="org.junit.ComparisonFailure">org.junit.ComparisonFailure: expected:&lt;[BC HOUSE]&gt; but was:&lt;[YK ROAD]&gt;
	at org.junit.Assert.assertEquals(Assert.java:115)
	at org.junit.Assert.assertEquals(Assert.java:144)
	at stepDefination.StepDefination.verfiy_place_id_created_maps_to_using(StepDefination.java:76)
	at ✽.Verfiy place id created maps to &quot;BC HOUSE&quot; using &quot;GetPlaceAPI&quot;(file:///C:/Users/yfory/eclipse-workspace/PlaceAPI/src/test/java/features/AddPlace.feature:11)
</failure>
    <system-out>/maps/api/place/add/json
/maps/api/place/get/json
</system-out>
  </testcase>
  <testcase classname="PLACE API" name="To verify whether the delete functionality is working as expected" time="3.217"/>
</testsuite>